Warnings encountered during the last execution of ms3 review (v1.2.4)
=====================================================================

WARNING  ms3.Parse.debussy_childrens_corner.l113-03_childrens_serenade -- /usr/local/lib/python3.10/site-packages/ms3/bs4_parser.py (line 379) parse_measures():
	Event already contained a 'Fingering_text': 3
WARNING  ms3.Parse.debussy_childrens_corner.l113-04_childrens_snow -- /usr/local/lib/python3.10/site-packages/ms3/bs4_parser.py (line 379) parse_measures():
	Event already contained a 'Fingering_text': 5
WARNING  ms3.Parse.debussy_childrens_corner.l113-04_childrens_snow -- /usr/local/lib/python3.10/site-packages/ms3/bs4_parser.py (line 379) parse_measures():
	Event already contained a 'Fingering_text': 5
WARNING  ms3.Parse.debussy_childrens_corner.l113-04_childrens_snow -- /usr/local/lib/python3.10/site-packages/ms3/bs4_parser.py (line 379) parse_measures():
	Event already contained a 'Fingering_text': 5
WARNING  ms3.Parse.debussy_childrens_corner.l113-04_childrens_snow -- /usr/local/lib/python3.10/site-packages/ms3/bs4_parser.py (line 379) parse_measures():
	Event already contained a 'Fingering_text': 5
WARNING  ms3.Parse.debussy_childrens_corner.l113-04_childrens_snow -- /usr/local/lib/python3.10/site-packages/ms3/bs4_parser.py (line 379) parse_measures():
	Event already contained a 'Fingering_text': 4
WARNING  ms3.Parse.debussy_childrens_corner.l113-04_childrens_snow -- /usr/local/lib/python3.10/site-packages/ms3/bs4_parser.py (line 379) parse_measures():
	Event already contained a 'Fingering_text': 5
WARNING  ms3.Parse.debussy_childrens_corner.l113-04_childrens_snow -- /usr/local/lib/python3.10/site-packages/ms3/bs4_parser.py (line 379) parse_measures():
	Event already contained a 'Fingering_text': 5
WARNING  ms3.Parse.debussy_childrens_corner.l113-04_childrens_snow -- /usr/local/lib/python3.10/site-packages/ms3/bs4_parser.py (line 379) parse_measures():
	Event already contained a 'Fingering_text': 4
WARNING  ms3.Parse.debussy_childrens_corner.l113-04_childrens_snow -- /usr/local/lib/python3.10/site-packages/ms3/bs4_parser.py (line 379) parse_measures():
	Event already contained a 'Fingering_text': 5
WARNING  ms3.Parse.debussy_childrens_corner.l113-04_childrens_snow -- /usr/local/lib/python3.10/site-packages/ms3/bs4_parser.py (line 379) parse_measures():
	Event already contained a 'Fingering_text': 5
WARNING  ms3.Parse.debussy_childrens_corner.l113-04_childrens_snow -- /usr/local/lib/python3.10/site-packages/ms3/bs4_parser.py (line 379) parse_measures():
	Event already contained a 'Fingering_text': 5
WARNING  ms3.Parse.debussy_childrens_corner.l113-04_childrens_snow -- /usr/local/lib/python3.10/site-packages/ms3/bs4_parser.py (line 379) parse_measures():
	Event already contained a 'Fingering_text': 5
WARNING  ms3.Parse.debussy_childrens_corner.l113-04_childrens_snow -- /usr/local/lib/python3.10/site-packages/ms3/bs4_parser.py (line 379) parse_measures():
	Event already contained a 'Fingering_text': 1
WARNING  ms3.Parse.debussy_childrens_corner.l113-04_childrens_snow -- /usr/local/lib/python3.10/site-packages/ms3/bs4_parser.py (line 379) parse_measures():
	Event already contained a 'Fingering_text': 1
WARNING  ms3.Parse.debussy_childrens_corner.l113-04_childrens_snow -- /usr/local/lib/python3.10/site-packages/ms3/bs4_parser.py (line 379) parse_measures():
	Event already contained a 'Fingering_text': 1
WARNING  ms3.Parse.debussy_childrens_corner.l113-04_childrens_snow -- /usr/local/lib/python3.10/site-packages/ms3/bs4_parser.py (line 379) parse_measures():
	Event already contained a 'Fingering_text': 5
WARNING  ms3.Parse.debussy_childrens_corner.l113-04_childrens_snow -- /usr/local/lib/python3.10/site-packages/ms3/bs4_parser.py (line 379) parse_measures():
	Event already contained a 'Fingering_text': 2
WARNING  ms3.Parse.debussy_childrens_corner.l113-04_childrens_snow -- /usr/local/lib/python3.10/site-packages/ms3/bs4_parser.py (line 379) parse_measures():
	Event already contained a 'Fingering_text': 2
WARNING  ms3.Parse.debussy_childrens_corner.l113-04_childrens_snow -- /usr/local/lib/python3.10/site-packages/ms3/bs4_parser.py (line 379) parse_measures():
	Event already contained a 'Fingering_text': 4
WARNING  ms3.Parse.debussy_childrens_corner.l113-04_childrens_snow -- /usr/local/lib/python3.10/site-packages/ms3/bs4_parser.py (line 379) parse_measures():
	Event already contained a 'Fingering_text': 4
WARNING  ms3.Parse.debussy_childrens_corner.l113-04_childrens_snow -- /usr/local/lib/python3.10/site-packages/ms3/bs4_parser.py (line 379) parse_measures():
	Event already contained a 'Fingering_text': 5
WARNING  ms3.Parse.debussy_childrens_corner.l113-04_childrens_snow -- /usr/local/lib/python3.10/site-packages/ms3/bs4_parser.py (line 379) parse_measures():
	Event already contained a 'Fingering_text': 4
WARNING  ms3.Parse.debussy_childrens_corner.l113-04_childrens_snow -- /usr/local/lib/python3.10/site-packages/ms3/bs4_parser.py (line 379) parse_measures():
	Event already contained a 'Fingering_text': 5
WARNING  ms3.Parse.debussy_childrens_corner.l113-04_childrens_snow -- /usr/local/lib/python3.10/site-packages/ms3/bs4_parser.py (line 379) parse_measures():
	Event already contained a 'Fingering_text': 5
WARNING  ms3.Parse.debussy_childrens_corner.l113-04_childrens_snow -- /usr/local/lib/python3.10/site-packages/ms3/bs4_parser.py (line 379) parse_measures():
	Event already contained a 'Fingering_text': 5
